<?xml version="1.0" encoding="UTF-8"?>
<!-- Generated by org.testng.reporters.JUnitReportReporter -->
<testsuite skipped="0" hostname="LAPTOP-PA1M93V0" name="Framework.DependsOnMethod" tests="2" failures="0" timestamp="01 May 2020 15:30:14 GMT" time="0.003" errors="0">
  <testcase name="test2" time="0.001" classname="Framework.DependsOnMethod"/>
  <testcase name="test3" time="0.002" classname="Framework.DependsOnMethod"/>
</testsuite> <!-- Framework.DependsOnMethod -->
