<?xml version="1.0" encoding="UTF-8"?>
<!-- Generated by org.testng.reporters.JUnitReportReporter -->
<testsuite skipped="0" hostname="LAPTOP-PA1M93V0" name="Framework.PracticeTestNG" tests="1" failures="0" timestamp="01 May 2020 15:37:33 GMT" time="0.006" errors="0">
  <testcase name="Login1" time="0.006" classname="Framework.PracticeTestNG"/>
</testsuite> <!-- Framework.PracticeTestNG -->
